<?xml version="1.0" encoding="UTF-8"?>
<!-- Generated by org.testng.reporters.JUnitXMLReporter -->
<testsuite ignored="0" hostname="DESKTOP-7M5SQS4" failures="0" tests="5" name="Test" time="0.094" errors="0" timestamp="2021-10-20T18:53:16 IST">
  <testcase classname="com.testing.annotation.GroupingTestExmaple" name="searchMobile" time="0.011"/>
  <testcase classname="com.testing.annotation.GroupingTestExmaple" name="searchShoe" time="0.002"/>
  <testcase classname="com.testing.annotation.GroupingTestExmaple" name="searchTv" time="0.002"/>
  <testcase classname="com.testing.annotation.GroupingTestExmaple" name="searchWatch" time="0.001"/>
  <testcase classname="com.testing.annotation.GroupingTestExmaple" name="searchlaptop" time="0.006"/>
</testsuite> <!-- Test -->
